mode: set
github.com/DramaFever/go-sail/client.go:56.93,59.2 2 1
github.com/DramaFever/go-sail/client.go:61.79,64.24 3 1
github.com/DramaFever/go-sail/client.go:67.2,68.27 2 1
github.com/DramaFever/go-sail/client.go:71.2,71.78 1 1
github.com/DramaFever/go-sail/client.go:64.24,66.3 1 1
github.com/DramaFever/go-sail/client.go:68.27,70.3 1 1
github.com/DramaFever/go-sail/client.go:74.63,79.2 4 1
github.com/DramaFever/go-sail/client.go:81.82,84.2 2 1
github.com/DramaFever/go-sail/client.go:86.77,91.2 4 1
github.com/DramaFever/go-sail/client.go:93.78,97.2 3 1
github.com/DramaFever/go-sail/client.go:99.80,109.2 9 1
github.com/DramaFever/go-sail/client.go:113.113,115.44 2 1
github.com/DramaFever/go-sail/client.go:118.2,123.19 5 1
github.com/DramaFever/go-sail/client.go:126.2,129.18 3 1
github.com/DramaFever/go-sail/client.go:132.2,134.20 3 1
github.com/DramaFever/go-sail/client.go:137.2,138.20 2 1
github.com/DramaFever/go-sail/client.go:141.2,141.16 1 1
github.com/DramaFever/go-sail/client.go:115.44,117.3 1 1
github.com/DramaFever/go-sail/client.go:123.19,125.3 1 0
github.com/DramaFever/go-sail/client.go:129.18,131.3 1 0
github.com/DramaFever/go-sail/client.go:134.20,136.3 1 0
github.com/DramaFever/go-sail/client.go:138.20,140.3 1 0
github.com/DramaFever/go-sail/client.go:145.62,152.20 7 1
github.com/DramaFever/go-sail/client.go:155.2,155.50 1 1
github.com/DramaFever/go-sail/client.go:159.2,162.22 4 1
github.com/DramaFever/go-sail/client.go:152.20,154.3 1 0
github.com/DramaFever/go-sail/client.go:155.50,157.3 1 1
github.com/DramaFever/go-sail/client.go:166.67,168.19 2 0
github.com/DramaFever/go-sail/client.go:171.2,171.33 1 0
github.com/DramaFever/go-sail/client.go:168.19,170.3 1 0
github.com/DramaFever/go-sail/client.go:175.126,177.16 2 0
github.com/DramaFever/go-sail/client.go:180.2,182.25 3 0
github.com/DramaFever/go-sail/client.go:196.2,196.85 1 0
github.com/DramaFever/go-sail/client.go:177.16,179.3 1 0
github.com/DramaFever/go-sail/client.go:182.25,185.18 3 0
github.com/DramaFever/go-sail/client.go:188.3,188.44 1 0
github.com/DramaFever/go-sail/client.go:191.3,192.41 2 0
github.com/DramaFever/go-sail/client.go:185.18,187.4 1 0
github.com/DramaFever/go-sail/client.go:188.44,190.4 1 0
github.com/DramaFever/go-sail/client.go:192.41,193.9 1 0
github.com/DramaFever/go-sail/httpclient.go:16.68,19.2 2 0
github.com/DramaFever/go-sail/httpclient.go:22.62,24.2 1 0
github.com/DramaFever/go-sail/httpmockclient.go:22.32,22.46 1 1
github.com/DramaFever/go-sail/httpmockclient.go:30.36,32.2 1 0
github.com/DramaFever/go-sail/httpmockclient.go:42.69,44.2 1 1
github.com/DramaFever/go-sail/httpmockclient.go:47.63,49.2 1 1
github.com/DramaFever/go-sail/httpmockclient.go:58.44,61.12 3 1
github.com/DramaFever/go-sail/httpmockclient.go:74.2,74.11 1 1
github.com/DramaFever/go-sail/httpmockclient.go:62.2,64.37 2 1
github.com/DramaFever/go-sail/httpmockclient.go:65.2,67.35 2 1
github.com/DramaFever/go-sail/httpmockclient.go:68.2,70.29 2 1
github.com/DramaFever/go-sail/httpmockclient.go:71.2,72.42 1 0
github.com/DramaFever/go-sail/httpmockclient.go:77.71,80.20 3 1
github.com/DramaFever/go-sail/httpmockclient.go:83.2,83.21 1 1
github.com/DramaFever/go-sail/httpmockclient.go:80.20,82.3 1 0
github.com/DramaFever/go-sail/httpmockclient.go:86.58,91.16 5 1
github.com/DramaFever/go-sail/httpmockclient.go:94.2,96.19 3 1
github.com/DramaFever/go-sail/httpmockclient.go:91.16,93.3 1 0
github.com/DramaFever/go-sail/httpmockclient.go:99.64,106.2 6 1
github.com/DramaFever/go-sail/httpmockclient.go:108.62,115.2 6 1
github.com/DramaFever/go-sail/httpmockclient.go:117.56,124.2 6 1
